[17:37:39] [main/INFO]: Setting user: Player156
[17:37:40] [Client thread/INFO]: LWJGL Version: 2.9.1
[17:37:43] [Client thread/INFO]: Reloading ResourceManager: Default, FMLFileResourcePack:Forge Mod Loader, FMLFileResourcePack:Minecraft Forge, FMLFileResourcePack:vitzli's Recipe dumper
[17:37:44] [Sound Library Loader/INFO]: Sound engine started
[17:37:45] [Client thread/INFO]: Created: 16x16 textures/blocks-atlas
[17:37:45] [Client thread/INFO]: Created: 16x16 textures/items-atlas
[17:37:46] [Client thread/INFO]: Reloading ResourceManager: Default, FMLFileResourcePack:Forge Mod Loader, FMLFileResourcePack:Minecraft Forge, FMLFileResourcePack:vitzli's Recipe dumper
[17:37:46] [Client thread/INFO]: Created: 512x256 textures/blocks-atlas
[17:37:46] [Client thread/INFO]: Created: 256x256 textures/items-atlas
[17:37:47] [Sound Library Loader/INFO]: Sound engine started
[17:37:48] [Server thread/INFO]: Starting integrated minecraft server version 1.7.10
[17:37:48] [Server thread/INFO]: Generating keypair
[17:37:48] [Server thread/INFO]: Preparing start region for level 0
[17:37:49] [Server thread/INFO]: Changing view distance to 12, from 10
[17:37:49] [Server thread/INFO]: Player156[local:E:f99806df] logged in with entity id 275 at (-215.5, 64.0, 28.5)
[17:37:49] [Server thread/INFO]: Player156 joined the game
[17:37:50] [Server thread/INFO]: Saving and pausing game...
[17:37:50] [Server thread/INFO]: Saving chunks for level 'New World'/Overworld
[17:37:50] [Server thread/INFO]: Saving chunks for level 'New World'/Nether
[17:37:50] [Server thread/INFO]: Saving chunks for level 'New World'/The End
[17:37:55] [Client thread/INFO]: [CHAT] Unknown command. Try /help for a list of commands
[17:37:56] [Client thread/INFO]: [CHAT] vitzli's recipe dumper command
[17:37:56] [Client thread/INFO]: [CHAT]  - help - prints this text
[17:37:56] [Client thread/INFO]: [CHAT]  - all - dumps everything
[17:37:56] [Client thread/INFO]: [CHAT]  - oredict - dumps ore dictionary
[17:37:56] [Client thread/INFO]: [CHAT]  - items - dumps recipes
[17:37:56] [Client thread/INFO]: [CHAT]  - fluids - dumps fluid registry
[17:37:57] [Server thread/INFO]: Saving and pausing game...
[17:37:57] [Server thread/INFO]: Saving chunks for level 'New World'/Overworld
[17:37:57] [Server thread/INFO]: Saving chunks for level 'New World'/Nether
[17:37:57] [Server thread/INFO]: Saving chunks for level 'New World'/The End
[17:37:58] [Server thread/INFO]: Stopping server
[17:37:58] [Server thread/INFO]: Saving players
[17:37:58] [Server thread/INFO]: Saving worlds
[17:37:58] [Server thread/INFO]: Saving chunks for level 'New World'/Overworld
[17:37:58] [Server thread/INFO]: Saving chunks for level 'New World'/Nether
[17:37:58] [Server thread/INFO]: Saving chunks for level 'New World'/The End
[17:37:58] [Client thread/INFO]: Stopping!
