recipedumper:item!1:0 U=tile.stone||L=Stone
recipedumper:item!1:32767 U=tile.stone||L=Stone
recipedumper:item!4:0 U=tile.stonebrick||L=Cobblestone
recipedumper:item!4:32767 U=tile.stonebrick||L=Cobblestone
recipedumper:item!5:0 U=tile.wood.oak||L=Oak Wood Planks
recipedumper:item!5:1 U=tile.wood.spruce||L=Spruce Wood Planks
recipedumper:item!5:2 U=tile.wood.birch||L=Birch Wood Planks
recipedumper:item!5:3 U=tile.wood.jungle||L=Jungle Wood Planks
recipedumper:item!5:4 U=tile.wood.acacia||L=Acacia Wood Planks
recipedumper:item!5:5 U=tile.wood.big_oak||L=Dark Oak Wood Planks
recipedumper:item!5:32767 U=tile.wood.oak||L=Oak Wood Planks
recipedumper:item!6:32767 U=tile.sapling.oak||L=Oak Sapling
recipedumper:item!12:0 U=tile.sand.default||L=Sand
recipedumper:item!12:32767 U=tile.sand.default||L=Sand
recipedumper:item!14:0 U=tile.oreGold||L=Gold Ore
recipedumper:item!14:32767 U=tile.oreGold||L=Gold Ore
recipedumper:item!15:0 U=tile.oreIron||L=Iron Ore
recipedumper:item!15:32767 U=tile.oreIron||L=Iron Ore
recipedumper:item!16:0 U=tile.oreCoal||L=Coal Ore
recipedumper:item!16:32767 U=tile.oreCoal||L=Coal Ore
recipedumper:item!17:0 U=tile.log.oak||L=Oak Wood
recipedumper:item!17:1 U=tile.log.spruce||L=Spruce Wood
recipedumper:item!17:2 U=tile.log.birch||L=Birch Wood
recipedumper:item!17:3 U=tile.log.jungle||L=Jungle Wood
recipedumper:item!17:32767 U=tile.log.oak||L=Oak Wood
recipedumper:item!18:32767 U=tile.leaves.oak||L=Oak Leaves
recipedumper:item!20:0 U=tile.glass||L=Glass
recipedumper:item!20:32767 U=tile.glass||L=Glass
recipedumper:item!21:0 U=tile.oreLapis||L=Lapis Lazuli Ore
recipedumper:item!21:32767 U=tile.oreLapis||L=Lapis Lazuli Ore
recipedumper:item!22:0 U=tile.blockLapis||L=Lapis Lazuli Block
recipedumper:item!22:32767 U=tile.blockLapis||L=Lapis Lazuli Block
recipedumper:item!23:0 U=tile.dispenser||L=Dispenser
recipedumper:item!24:0 U=tile.sandStone.default||L=Sandstone
recipedumper:item!24:1 U=tile.sandStone.chiseled||L=Chiseled Sandstone
recipedumper:item!24:2 U=tile.sandStone.smooth||L=Smooth Sandstone
recipedumper:item!24:32767 U=tile.sandStone.default||L=Sandstone
recipedumper:item!25:0 U=tile.musicBlock||L=Note Block
recipedumper:item!27:0 U=tile.goldenRail||L=Powered Rail
recipedumper:item!28:0 U=tile.detectorRail||L=Detector Rail
recipedumper:item!29:0 U=tile.pistonStickyBase||L=Sticky Piston
recipedumper:item!33:0 U=tile.pistonBase||L=Piston
recipedumper:item!33:32767 U=tile.pistonBase||L=Piston
recipedumper:item!35:0 U=tile.cloth.white||L=Wool
recipedumper:item!35:1 U=tile.cloth.orange||L=Orange Wool
recipedumper:item!35:2 U=tile.cloth.magenta||L=Magenta Wool
recipedumper:item!35:3 U=tile.cloth.lightBlue||L=Light Blue Wool
recipedumper:item!35:4 U=tile.cloth.yellow||L=Yellow Wool
recipedumper:item!35:5 U=tile.cloth.lime||L=Lime Wool
recipedumper:item!35:6 U=tile.cloth.pink||L=Pink Wool
recipedumper:item!35:7 U=tile.cloth.gray||L=Gray Wool
recipedumper:item!35:8 U=tile.cloth.silver||L=Light Gray Wool
recipedumper:item!35:9 U=tile.cloth.cyan||L=Cyan Wool
recipedumper:item!35:10 U=tile.cloth.purple||L=Purple Wool
recipedumper:item!35:11 U=tile.cloth.blue||L=Blue Wool
recipedumper:item!35:12 U=tile.cloth.brown||L=Brown Wool
recipedumper:item!35:13 U=tile.cloth.green||L=Green Wool
recipedumper:item!35:14 U=tile.cloth.red||L=Red Wool
recipedumper:item!35:15 U=tile.cloth.black||L=Black Wool
recipedumper:item!35:32767 U=tile.cloth.black||L=Black Wool
recipedumper:item!37:0 U=tile.flower1.dandelion||L=Dandelion
recipedumper:item!38:0 U=tile.flower2.poppy||L=Poppy
recipedumper:item!38:1 U=tile.flower2.blueOrchid||L=Blue Orchid
recipedumper:item!38:2 U=tile.flower2.allium||L=Allium
recipedumper:item!38:3 U=tile.flower2.houstonia||L=Azure Bluet
recipedumper:item!38:4 U=tile.flower2.tulipRed||L=Red Tulip
recipedumper:item!38:5 U=tile.flower2.tulipOrange||L=Orange Tulip
recipedumper:item!38:6 U=tile.flower2.tulipWhite||L=White Tulip
recipedumper:item!38:7 U=tile.flower2.tulipPink||L=Pink Tulip
recipedumper:item!38:8 U=tile.flower2.oxeyeDaisy||L=Oxeye Daisy
recipedumper:item!39:0 U=tile.mushroom||L=Mushroom
recipedumper:item!40:0 U=tile.mushroom||L=Mushroom
recipedumper:item!41:0 U=tile.blockGold||L=Block of Gold
recipedumper:item!41:32767 U=tile.blockGold||L=Block of Gold
recipedumper:item!42:0 U=tile.blockIron||L=Block of Iron
recipedumper:item!42:32767 U=tile.blockIron||L=Block of Iron
recipedumper:item!44:0 U=tile.stoneSlab.stone||L=Stone Slab
recipedumper:item!44:1 U=tile.stoneSlab.sand||L=Sandstone Slab
recipedumper:item!44:3 U=tile.stoneSlab.cobble||L=Cobblestone Slab
recipedumper:item!44:4 U=tile.stoneSlab.brick||L=Bricks Slab
recipedumper:item!44:5 U=tile.stoneSlab.smoothStoneBrick||L=Stone Bricks Slab
recipedumper:item!44:6 U=tile.stoneSlab.netherBrick||L=Nether Brick Slab
recipedumper:item!44:7 U=tile.stoneSlab.quartz||L=Quartz Slab
recipedumper:item!45:0 U=tile.brick||L=Bricks
recipedumper:item!45:32767 U=tile.brick||L=Bricks
recipedumper:item!46:0 U=tile.tnt||L=TNT
recipedumper:item!46:32767 U=tile.tnt||L=TNT
recipedumper:item!47:0 U=tile.bookshelf||L=Bookshelf
recipedumper:item!48:32767 U=tile.stoneMoss||L=Moss Stone
recipedumper:item!49:32767 U=tile.obsidian||L=Obsidian
recipedumper:item!50:0 U=tile.torch||L=Torch
recipedumper:item!50:32767 U=tile.torch||L=Torch
recipedumper:item!51:32767 U=tile.fire||L=Fire
recipedumper:item!53:0 U=tile.stairsWood||L=Oak Wood Stairs
recipedumper:item!54:0 U=tile.chest||L=Chest
recipedumper:item!54:32767 U=tile.chest||L=Chest
recipedumper:item!56:0 U=tile.oreDiamond||L=Diamond Ore
recipedumper:item!56:32767 U=tile.oreDiamond||L=Diamond Ore
recipedumper:item!57:0 U=tile.blockDiamond||L=Block of Diamond
recipedumper:item!57:32767 U=tile.blockDiamond||L=Block of Diamond
recipedumper:item!58:0 U=tile.workbench||L=Crafting Table
recipedumper:item!61:0 U=tile.furnace||L=Furnace
recipedumper:item!61:32767 U=tile.furnace||L=Furnace
recipedumper:item!65:0 U=tile.ladder||L=Ladder
recipedumper:item!66:0 U=tile.rail||L=Rail
recipedumper:item!67:0 U=tile.stairsStone||L=Stone Stairs
recipedumper:item!69:0 U=tile.lever||L=Lever
recipedumper:item!70:0 U=tile.pressurePlate||L=Pressure Plate
recipedumper:item!70:32767 U=tile.pressurePlate||L=Pressure Plate
recipedumper:item!72:0 U=tile.pressurePlate||L=Pressure Plate
recipedumper:item!73:0 U=tile.oreRedstone||L=Redstone Ore
recipedumper:item!73:32767 U=tile.oreRedstone||L=Redstone Ore
recipedumper:item!76:0 U=tile.notGate||L=Redstone Torch
recipedumper:item!76:32767 U=tile.notGate||L=Redstone Torch
recipedumper:item!77:0 U=tile.button||L=Button
recipedumper:item!78:0 U=tile.snow||L=Snow
recipedumper:item!80:0 U=tile.snow||L=Snow
recipedumper:item!80:32767 U=tile.snow||L=Snow
recipedumper:item!81:32767 U=tile.cactus||L=Cactus
recipedumper:item!82:0 U=tile.clay||L=Clay
recipedumper:item!82:32767 U=tile.clay||L=Clay
recipedumper:item!84:0 U=tile.jukebox||L=Jukebox
recipedumper:item!85:0 U=tile.fence||L=Fence
recipedumper:item!86:0 U=tile.pumpkin||L=Pumpkin
recipedumper:item!86:32767 U=tile.pumpkin||L=Pumpkin
recipedumper:item!87:32767 U=tile.hellrock||L=Netherrack
recipedumper:item!89:0 U=tile.lightgem||L=Glowstone
recipedumper:item!89:32767 U=tile.lightgem||L=Glowstone
recipedumper:item!91:0 U=tile.litpumpkin||L=Jack o'Lantern
recipedumper:item!95:0 U=tile.stainedGlass.white||L=White Stained Glass
recipedumper:item!95:1 U=tile.stainedGlass.orange||L=Orange Stained Glass
recipedumper:item!95:2 U=tile.stainedGlass.magenta||L=Magenta Stained Glass
recipedumper:item!95:3 U=tile.stainedGlass.lightBlue||L=Light Blue Stained Glass
recipedumper:item!95:4 U=tile.stainedGlass.yellow||L=Yellow Stained Glass
recipedumper:item!95:5 U=tile.stainedGlass.lime||L=Lime Stained Glass
recipedumper:item!95:6 U=tile.stainedGlass.pink||L=Pink Stained Glass
recipedumper:item!95:7 U=tile.stainedGlass.gray||L=Gray Stained Glass
recipedumper:item!95:8 U=tile.stainedGlass.silver||L=Light Gray Stained Glass
recipedumper:item!95:9 U=tile.stainedGlass.cyan||L=Cyan Stained Glass
recipedumper:item!95:10 U=tile.stainedGlass.purple||L=Purple Stained Glass
recipedumper:item!95:11 U=tile.stainedGlass.blue||L=Blue Stained Glass
recipedumper:item!95:12 U=tile.stainedGlass.brown||L=Brown Stained Glass
recipedumper:item!95:13 U=tile.stainedGlass.green||L=Green Stained Glass
recipedumper:item!95:14 U=tile.stainedGlass.red||L=Red Stained Glass
recipedumper:item!95:15 U=tile.stainedGlass.black||L=Black Stained Glass
recipedumper:item!95:32767 U=tile.stainedGlass.black||L=Black Stained Glass
recipedumper:item!96:0 U=tile.trapdoor||L=Trapdoor
recipedumper:item!98:0 U=tile.stonebricksmooth.default||L=Stone Bricks
recipedumper:item!98:32767 U=tile.stonebricksmooth.default||L=Stone Bricks
recipedumper:item!101:0 U=tile.fenceIron||L=Iron Bars
recipedumper:item!102:0 U=tile.thinGlass||L=Glass Pane
recipedumper:item!103:0 U=tile.melon||L=Melon
recipedumper:item!107:0 U=tile.fenceGate||L=Fence Gate
recipedumper:item!108:0 U=tile.stairsBrick||L=Brick Stairs
recipedumper:item!109:0 U=tile.stairsStoneBrickSmooth||L=Stone Brick Stairs
recipedumper:item!112:0 U=tile.netherBrick||L=Nether Brick
recipedumper:item!112:32767 U=tile.netherBrick||L=Nether Brick
recipedumper:item!113:0 U=tile.netherFence||L=Nether Brick Fence
recipedumper:item!114:0 U=tile.stairsNetherBrick||L=Nether Brick Stairs
recipedumper:item!116:0 U=tile.enchantmentTable||L=Enchantment Table
recipedumper:item!123:0 U=tile.redstoneLight||L=Redstone Lamp
recipedumper:item!126:0 U=tile.woodSlab.oak||L=Oak Wood Slab
recipedumper:item!126:1 U=tile.woodSlab.spruce||L=Spruce Wood Slab
recipedumper:item!126:2 U=tile.woodSlab.birch||L=Birch Wood Slab
recipedumper:item!126:3 U=tile.woodSlab.jungle||L=Jungle Wood Slab
recipedumper:item!126:4 U=tile.woodSlab.acacia||L=Acacia Wood Slab
recipedumper:item!126:5 U=tile.woodSlab.big_oak||L=Dark Oak Wood Slab
recipedumper:item!126:32767 U=tile.woodSlab.oak||L=Oak Wood Slab
recipedumper:item!128:0 U=tile.stairsSandStone||L=Sandstone Stairs
recipedumper:item!129:0 U=tile.oreEmerald||L=Emerald Ore
recipedumper:item!129:32767 U=tile.oreEmerald||L=Emerald Ore
recipedumper:item!130:0 U=tile.enderChest||L=Ender Chest
recipedumper:item!131:0 U=tile.tripWireSource||L=Tripwire Hook
recipedumper:item!131:32767 U=tile.tripWireSource||L=Tripwire Hook
recipedumper:item!133:0 U=tile.blockEmerald||L=Block of Emerald
recipedumper:item!133:32767 U=tile.blockEmerald||L=Block of Emerald
recipedumper:item!134:0 U=tile.stairsWoodSpruce||L=Spruce Wood Stairs
recipedumper:item!135:0 U=tile.stairsWoodBirch||L=Birch Wood Stairs
recipedumper:item!136:0 U=tile.stairsWoodJungle||L=Jungle Wood Stairs
recipedumper:item!138:0 U=tile.beacon||L=Beacon
recipedumper:item!139:0 U=tile.cobbleWall.normal||L=Cobblestone Wall
recipedumper:item!139:1 U=tile.cobbleWall.mossy||L=Mossy Cobblestone Wall
recipedumper:item!143:0 U=tile.button||L=Button
recipedumper:item!145:0 U=tile.anvil.intact||L=Anvil
recipedumper:item!146:0 U=tile.chestTrap||L=Trapped Chest
recipedumper:item!147:0 U=tile.weightedPlate_light||L=Weighted Pressure Plate (Light)
recipedumper:item!148:0 U=tile.weightedPlate_heavy||L=Weighted Pressure Plate (Heavy)
recipedumper:item!151:0 U=tile.daylightDetector||L=Daylight Sensor
recipedumper:item!152:0 U=tile.blockRedstone||L=Block of Redstone
recipedumper:item!152:32767 U=tile.blockRedstone||L=Block of Redstone
recipedumper:item!153:0 U=tile.netherquartz||L=Nether Quartz Ore
recipedumper:item!153:32767 U=tile.netherquartz||L=Nether Quartz Ore
recipedumper:item!154:0 U=tile.hopper||L=Hopper
recipedumper:item!154:32767 U=tile.hopper||L=Hopper
recipedumper:item!155:0 U=tile.quartzBlock.default||L=Block of Quartz
recipedumper:item!155:1 U=tile.quartzBlock.chiseled||L=Chiseled Quartz Block
recipedumper:item!155:2 U=tile.quartzBlock.lines||L=Pillar Quartz Block
recipedumper:item!155:32767 U=tile.quartzBlock.default||L=Block of Quartz
recipedumper:item!156:0 U=tile.stairsQuartz||L=Quartz Stairs
recipedumper:item!157:0 U=tile.activatorRail||L=Activator Rail
recipedumper:item!158:0 U=tile.dropper||L=Dropper
recipedumper:item!159:0 U=tile.clayHardenedStained.white||L=White Stained Clay
recipedumper:item!159:1 U=tile.clayHardenedStained.orange||L=Orange Stained Clay
recipedumper:item!159:2 U=tile.clayHardenedStained.magenta||L=Magenta Stained Clay
recipedumper:item!159:3 U=tile.clayHardenedStained.lightBlue||L=Light Blue Stained Clay
recipedumper:item!159:4 U=tile.clayHardenedStained.yellow||L=Yellow Stained Clay
recipedumper:item!159:5 U=tile.clayHardenedStained.lime||L=Lime Stained Clay
recipedumper:item!159:6 U=tile.clayHardenedStained.pink||L=Pink Stained Clay
recipedumper:item!159:7 U=tile.clayHardenedStained.gray||L=Gray Stained Clay
recipedumper:item!159:8 U=tile.clayHardenedStained.silver||L=Light Gray Stained Clay
recipedumper:item!159:9 U=tile.clayHardenedStained.cyan||L=Cyan Stained Clay
recipedumper:item!159:10 U=tile.clayHardenedStained.purple||L=Purple Stained Clay
recipedumper:item!159:11 U=tile.clayHardenedStained.blue||L=Blue Stained Clay
recipedumper:item!159:12 U=tile.clayHardenedStained.brown||L=Brown Stained Clay
recipedumper:item!159:13 U=tile.clayHardenedStained.green||L=Green Stained Clay
recipedumper:item!159:14 U=tile.clayHardenedStained.red||L=Red Stained Clay
recipedumper:item!159:15 U=tile.clayHardenedStained.black||L=Black Stained Clay
recipedumper:item!160:0 U=tile.thinStainedGlass.white||L=White Stained Glass Pane
recipedumper:item!160:1 U=tile.thinStainedGlass.orange||L=Orange Stained Glass Pane
recipedumper:item!160:2 U=tile.thinStainedGlass.magenta||L=Magenta Stained Glass Pane
recipedumper:item!160:3 U=tile.thinStainedGlass.lightBlue||L=Light Blue Stained Glass Pane
recipedumper:item!160:4 U=tile.thinStainedGlass.yellow||L=Yellow Stained Glass Pane
recipedumper:item!160:5 U=tile.thinStainedGlass.lime||L=Lime Stained Glass Pane
recipedumper:item!160:6 U=tile.thinStainedGlass.pink||L=Pink Stained Glass Pane
recipedumper:item!160:7 U=tile.thinStainedGlass.gray||L=Gray Stained Glass Pane
recipedumper:item!160:8 U=tile.thinStainedGlass.silver||L=Light Gray Stained Glass Pane
recipedumper:item!160:9 U=tile.thinStainedGlass.cyan||L=Cyan Stained Glass Pane
recipedumper:item!160:10 U=tile.thinStainedGlass.purple||L=Purple Stained Glass Pane
recipedumper:item!160:11 U=tile.thinStainedGlass.blue||L=Blue Stained Glass Pane
recipedumper:item!160:12 U=tile.thinStainedGlass.brown||L=Brown Stained Glass Pane
recipedumper:item!160:13 U=tile.thinStainedGlass.green||L=Green Stained Glass Pane
recipedumper:item!160:14 U=tile.thinStainedGlass.red||L=Red Stained Glass Pane
recipedumper:item!160:15 U=tile.thinStainedGlass.black||L=Black Stained Glass Pane
recipedumper:item!160:32767 U=tile.thinStainedGlass.black||L=Black Stained Glass Pane
recipedumper:item!161:32767 U=tile.leaves.acacia||L=Acacia Leaves
recipedumper:item!162:0 U=tile.log.acacia||L=Acacia Wood
recipedumper:item!162:1 U=tile.log.big_oak||L=Dark Oak Wood
recipedumper:item!162:32767 U=tile.log.acacia||L=Acacia Wood
recipedumper:item!163:0 U=tile.stairsWoodAcacia||L=Acacia Wood Stairs
recipedumper:item!164:0 U=tile.stairsWoodDarkOak||L=Dark Oak Wood Stairs
recipedumper:item!170:0 U=tile.hayBlock||L=Hay Bale
recipedumper:item!170:32767 U=tile.hayBlock||L=Hay Bale
recipedumper:item!171:0 U=tile.woolCarpet.white||L=Carpet
recipedumper:item!171:1 U=tile.woolCarpet.orange||L=Orange Carpet
recipedumper:item!171:2 U=tile.woolCarpet.magenta||L=Magenta Carpet
recipedumper:item!171:3 U=tile.woolCarpet.lightBlue||L=Light Blue Carpet
recipedumper:item!171:4 U=tile.woolCarpet.yellow||L=Yellow Carpet
recipedumper:item!171:5 U=tile.woolCarpet.lime||L=Lime Carpet
recipedumper:item!171:6 U=tile.woolCarpet.pink||L=Pink Carpet
recipedumper:item!171:7 U=tile.woolCarpet.gray||L=Gray Carpet
recipedumper:item!171:8 U=tile.woolCarpet.silver||L=Light Gray Carpet
recipedumper:item!171:9 U=tile.woolCarpet.cyan||L=Cyan Carpet
recipedumper:item!171:10 U=tile.woolCarpet.purple||L=Purple Carpet
recipedumper:item!171:11 U=tile.woolCarpet.blue||L=Blue Carpet
recipedumper:item!171:12 U=tile.woolCarpet.brown||L=Brown Carpet
recipedumper:item!171:13 U=tile.woolCarpet.green||L=Green Carpet
recipedumper:item!171:14 U=tile.woolCarpet.red||L=Red Carpet
recipedumper:item!171:15 U=tile.woolCarpet.black||L=Black Carpet
recipedumper:item!172:0 U=tile.clayHardened||L=Hardened Clay
recipedumper:item!173:0 U=tile.blockCoal||L=Block of Coal
recipedumper:item!173:32767 U=tile.blockCoal||L=Block of Coal
recipedumper:item!175:0 U=tile.doublePlant.sunflower||L=Sunflower
recipedumper:item!175:1 U=tile.doublePlant.syringa||L=Lilac
recipedumper:item!175:4 U=tile.doublePlant.rose||L=Rose Bush
recipedumper:item!175:5 U=tile.doublePlant.paeonia||L=Peony
recipedumper:item!2256:0 U=item.record||L=Music Disc
recipedumper:item!2257:0 U=item.record||L=Music Disc
recipedumper:item!2258:0 U=item.record||L=Music Disc
recipedumper:item!2259:0 U=item.record||L=Music Disc
recipedumper:item!2260:0 U=item.record||L=Music Disc
recipedumper:item!2261:0 U=item.record||L=Music Disc
recipedumper:item!2262:0 U=item.record||L=Music Disc
recipedumper:item!2263:0 U=item.record||L=Music Disc
recipedumper:item!2264:0 U=item.record||L=Music Disc
recipedumper:item!2265:0 U=item.record||L=Music Disc
recipedumper:item!2266:0 U=item.record||L=Music Disc
recipedumper:item!2267:0 U=item.record||L=Music Disc
recipedumper:item!256:0 U=item.shovelIron||L=Iron Shovel
recipedumper:item!257:0 U=item.pickaxeIron||L=Iron Pickaxe
recipedumper:item!258:0 U=item.hatchetIron||L=Iron Axe
recipedumper:item!259:0 U=item.flintAndSteel||L=Flint and Steel
recipedumper:item!260:0 U=item.apple||L=Apple
recipedumper:item!261:0 U=item.bow||L=Bow
recipedumper:item!262:0 U=item.arrow||L=Arrow
recipedumper:item!263:0 U=item.coal||L=Coal
recipedumper:item!263:1 U=item.charcoal||L=Charcoal
recipedumper:item!264:0 U=item.diamond||L=Diamond
recipedumper:item!265:0 U=item.ingotIron||L=Iron Ingot
recipedumper:item!266:0 U=item.ingotGold||L=Gold Ingot
recipedumper:item!267:0 U=item.swordIron||L=Iron Sword
recipedumper:item!268:0 U=item.swordWood||L=Wooden Sword
recipedumper:item!269:0 U=item.shovelWood||L=Wooden Shovel
recipedumper:item!270:0 U=item.pickaxeWood||L=Wooden Pickaxe
recipedumper:item!271:0 U=item.hatchetWood||L=Wooden Axe
recipedumper:item!272:0 U=item.swordStone||L=Stone Sword
recipedumper:item!273:0 U=item.shovelStone||L=Stone Shovel
recipedumper:item!274:0 U=item.pickaxeStone||L=Stone Pickaxe
recipedumper:item!275:0 U=item.hatchetStone||L=Stone Axe
recipedumper:item!276:0 U=item.swordDiamond||L=Diamond Sword
recipedumper:item!277:0 U=item.shovelDiamond||L=Diamond Shovel
recipedumper:item!278:0 U=item.pickaxeDiamond||L=Diamond Pickaxe
recipedumper:item!279:0 U=item.hatchetDiamond||L=Diamond Axe
recipedumper:item!280:0 U=item.stick||L=Stick
recipedumper:item!281:0 U=item.bowl||L=Bowl
recipedumper:item!282:0 U=item.mushroomStew||L=Mushroom Stew
recipedumper:item!283:0 U=item.swordGold||L=Golden Sword
recipedumper:item!284:0 U=item.shovelGold||L=Golden Shovel
recipedumper:item!285:0 U=item.pickaxeGold||L=Golden Pickaxe
recipedumper:item!286:0 U=item.hatchetGold||L=Golden Axe
recipedumper:item!287:0 U=item.string||L=String
recipedumper:item!288:0 U=item.feather||L=Feather
recipedumper:item!289:0 U=item.sulphur||L=Gunpowder
recipedumper:item!290:0 U=item.hoeWood||L=Wooden Hoe
recipedumper:item!291:0 U=item.hoeStone||L=Stone Hoe
recipedumper:item!292:0 U=item.hoeIron||L=Iron Hoe
recipedumper:item!293:0 U=item.hoeDiamond||L=Diamond Hoe
recipedumper:item!294:0 U=item.hoeGold||L=Golden Hoe
recipedumper:item!296:0 U=item.wheat||L=Wheat
recipedumper:item!297:0 U=item.bread||L=Bread
recipedumper:item!298:0 U=item.helmetCloth||L=Leather Cap
recipedumper:item!299:0 U=item.chestplateCloth||L=Leather Tunic
recipedumper:item!300:0 U=item.leggingsCloth||L=Leather Pants
recipedumper:item!301:0 U=item.bootsCloth||L=Leather Boots
recipedumper:item!302:0 U=item.helmetChain||L=Chain Helmet
recipedumper:item!303:0 U=item.chestplateChain||L=Chain Chestplate
recipedumper:item!304:0 U=item.leggingsChain||L=Chain Leggings
recipedumper:item!305:0 U=item.bootsChain||L=Chain Boots
recipedumper:item!306:0 U=item.helmetIron||L=Iron Helmet
recipedumper:item!307:0 U=item.chestplateIron||L=Iron Chestplate
recipedumper:item!308:0 U=item.leggingsIron||L=Iron Leggings
recipedumper:item!309:0 U=item.bootsIron||L=Iron Boots
recipedumper:item!310:0 U=item.helmetDiamond||L=Diamond Helmet
recipedumper:item!311:0 U=item.chestplateDiamond||L=Diamond Chestplate
recipedumper:item!312:0 U=item.leggingsDiamond||L=Diamond Leggings
recipedumper:item!313:0 U=item.bootsDiamond||L=Diamond Boots
recipedumper:item!314:0 U=item.helmetGold||L=Golden Helmet
recipedumper:item!315:0 U=item.chestplateGold||L=Golden Chestplate
recipedumper:item!316:0 U=item.leggingsGold||L=Golden Leggings
recipedumper:item!317:0 U=item.bootsGold||L=Golden Boots
recipedumper:item!318:0 U=item.flint||L=Flint
recipedumper:item!319:32767 U=item.porkchopRaw||L=Raw Porkchop
recipedumper:item!320:0 U=item.porkchopCooked||L=Cooked Porkchop
recipedumper:item!321:0 U=item.painting||L=Painting
recipedumper:item!322:0 U=item.appleGold||L=Golden Apple
recipedumper:item!322:1 U=item.appleGold||L=Golden Apple
recipedumper:item!323:0 U=item.sign||L=Sign
recipedumper:item!324:0 U=item.doorWood||L=Wooden Door
recipedumper:item!325:0 U=item.bucket||L=Bucket
recipedumper:item!328:0 U=item.minecart||L=Minecart
recipedumper:item!330:0 U=item.doorIron||L=Iron Door
recipedumper:item!331:0 U=item.redstone||L=Redstone
recipedumper:item!332:0 U=item.snowball||L=Snowball
recipedumper:item!333:0 U=item.boat||L=Boat
recipedumper:item!334:0 U=item.leather||L=Leather
recipedumper:item!335:0 U=item.milk||L=Milk
recipedumper:item!336:0 U=item.brick||L=Brick
recipedumper:item!337:0 U=item.clay||L=Clay
recipedumper:item!337:32767 U=item.clay||L=Clay
recipedumper:item!338:0 U=item.reeds||L=Sugar Canes
recipedumper:item!339:0 U=item.paper||L=Paper
recipedumper:item!340:0 U=item.book||L=Book
recipedumper:item!341:0 U=item.slimeball||L=Slimeball
recipedumper:item!342:0 U=item.minecartChest||L=Minecart with Chest
recipedumper:item!343:0 U=item.minecartFurnace||L=Minecart with Furnace
recipedumper:item!344:0 U=item.egg||L=Egg
recipedumper:item!345:0 U=item.compass||L=Compass
recipedumper:item!346:0 U=item.fishingRod||L=Fishing Rod
recipedumper:item!347:0 U=item.clock||L=Clock
recipedumper:item!348:0 U=item.yellowDust||L=Glowstone Dust
recipedumper:item!349:0 U=item.fish.cod.raw||L=Raw Fish
recipedumper:item!349:1 U=item.fish.salmon.raw||L=Raw Salmon
recipedumper:item!350:0 U=item.fish.cod.cooked||L=Cooked Fish
recipedumper:item!350:1 U=item.fish.salmon.cooked||L=Cooked Salmon
recipedumper:item!351:0 U=item.dyePowder.black||L=Ink Sac
recipedumper:item!351:1 U=item.dyePowder.red||L=Rose Red
recipedumper:item!351:2 U=item.dyePowder.green||L=Cactus Green
recipedumper:item!351:3 U=item.dyePowder.brown||L=Cocoa Beans
recipedumper:item!351:4 U=item.dyePowder.blue||L=Lapis Lazuli
recipedumper:item!351:5 U=item.dyePowder.purple||L=Purple Dye
recipedumper:item!351:6 U=item.dyePowder.cyan||L=Cyan Dye
recipedumper:item!351:7 U=item.dyePowder.silver||L=Light Gray Dye
recipedumper:item!351:8 U=item.dyePowder.gray||L=Gray Dye
recipedumper:item!351:9 U=item.dyePowder.pink||L=Pink Dye
recipedumper:item!351:10 U=item.dyePowder.lime||L=Lime Dye
recipedumper:item!351:11 U=item.dyePowder.yellow||L=Dandelion Yellow
recipedumper:item!351:12 U=item.dyePowder.lightBlue||L=Light Blue Dye
recipedumper:item!351:13 U=item.dyePowder.magenta||L=Magenta Dye
recipedumper:item!351:14 U=item.dyePowder.orange||L=Orange Dye
recipedumper:item!351:15 U=item.dyePowder.white||L=Bone Meal
recipedumper:item!351:32767 U=item.dyePowder.white||L=Bone Meal
recipedumper:item!352:0 U=item.bone||L=Bone
recipedumper:item!353:0 U=item.sugar||L=Sugar
recipedumper:item!354:0 U=item.cake||L=Cake
recipedumper:item!355:0 U=item.bed||L=Bed
recipedumper:item!356:0 U=item.diode||L=Redstone Repeater
recipedumper:item!357:0 U=item.cookie||L=Cookie
recipedumper:item!358:32767 U=item.map||L=Map
recipedumper:item!359:0 U=item.shears||L=Shears
recipedumper:item!360:0 U=item.melon||L=Melon
recipedumper:item!361:0 U=item.seeds_pumpkin||L=Pumpkin Seeds
recipedumper:item!362:0 U=item.seeds_melon||L=Melon Seeds
recipedumper:item!363:32767 U=item.beefRaw||L=Raw Beef
recipedumper:item!364:0 U=item.beefCooked||L=Steak
recipedumper:item!365:32767 U=item.chickenRaw||L=Raw Chicken
recipedumper:item!366:0 U=item.chickenCooked||L=Cooked Chicken
recipedumper:item!368:0 U=item.enderPearl||L=Ender Pearl
recipedumper:item!369:0 U=item.blazeRod||L=Blaze Rod
recipedumper:item!371:0 U=item.goldNugget||L=Gold Nugget
recipedumper:item!374:0 U=item.glassBottle||L=Glass Bottle
recipedumper:item!375:0 U=item.spiderEye||L=Spider Eye
recipedumper:item!376:0 U=item.fermentedSpiderEye||L=Fermented Spider Eye
recipedumper:item!377:0 U=item.blazePowder||L=Blaze Powder
recipedumper:item!378:0 U=item.magmaCream||L=Magma Cream
recipedumper:item!379:0 U=item.brewingStand||L=Brewing Stand
recipedumper:item!380:0 U=item.cauldron||L=Cauldron
recipedumper:item!381:0 U=item.eyeOfEnder||L=Eye of Ender
recipedumper:item!382:0 U=item.speckledMelon||L=Glistering Melon
recipedumper:item!385:0 U=item.fireball||L=Fire Charge
recipedumper:item!386:0 U=item.writingBook||L=Book and Quill
recipedumper:item!388:0 U=item.emerald||L=Emerald
recipedumper:item!389:0 U=item.frame||L=Item Frame
recipedumper:item!390:0 U=item.flowerPot||L=Flower Pot
recipedumper:item!391:0 U=item.carrots||L=Carrot
recipedumper:item!392:0 U=item.potato||L=Potato
recipedumper:item!392:32767 U=item.potato||L=Potato
recipedumper:item!393:0 U=item.potatoBaked||L=Baked Potato
recipedumper:item!395:0 U=item.emptyMap||L=Empty Map
recipedumper:item!396:0 U=item.carrotGolden||L=Golden Carrot
recipedumper:item!398:0 U=item.carrotOnAStick||L=Carrot on a Stick
recipedumper:item!399:0 U=item.netherStar||L=Nether Star
recipedumper:item!400:0 U=item.pumpkinPie||L=Pumpkin Pie
recipedumper:item!404:0 U=item.comparator||L=Redstone Comparator
recipedumper:item!405:0 U=item.netherbrick||L=Nether Brick
recipedumper:item!406:0 U=item.netherquartz||L=Nether Quartz
recipedumper:item!407:0 U=item.minecartTnt||L=Minecart with TNT
recipedumper:item!408:0 U=item.minecartHopper||L=Minecart with Hopper
recipedumper:item!420:0 U=item.leash||L=Lead
