recipedumper:oredict!@logWood->(17:32767,1)(162:32767,1)
recipedumper:oredict!@plankWood->(5:32767,1)
recipedumper:oredict!@slabWood->(126:32767,1)
recipedumper:oredict!@stairWood->(53:0,1)(134:0,1)(135:0,1)(136:0,1)(163:0,1)(164:0,1)
recipedumper:oredict!@stickWood->(280:0,1)
recipedumper:oredict!@treeSapling->(6:32767,1)
recipedumper:oredict!@treeLeaves->(18:32767,1)(161:32767,1)
recipedumper:oredict!@oreGold->(14:0,1)
recipedumper:oredict!@oreIron->(15:0,1)
recipedumper:oredict!@oreLapis->(21:0,1)
recipedumper:oredict!@oreDiamond->(56:0,1)
recipedumper:oredict!@oreRedstone->(73:0,1)
recipedumper:oredict!@oreEmerald->(129:0,1)
recipedumper:oredict!@oreQuartz->(153:0,1)
recipedumper:oredict!@oreCoal->(16:0,1)
recipedumper:oredict!@blockGold->(41:0,1)
recipedumper:oredict!@blockIron->(42:0,1)
recipedumper:oredict!@blockLapis->(22:0,1)
recipedumper:oredict!@blockDiamond->(57:0,1)
recipedumper:oredict!@blockRedstone->(152:0,1)
recipedumper:oredict!@blockEmerald->(133:0,1)
recipedumper:oredict!@blockQuartz->(155:0,1)
recipedumper:oredict!@blockCoal->(173:0,1)
recipedumper:oredict!@blockGlassColorless->(20:0,1)
recipedumper:oredict!@blockGlass->(20:0,1)(95:32767,1)
recipedumper:oredict!@paneGlassColorless->(102:0,1)
recipedumper:oredict!@paneGlass->(102:0,1)(160:32767,1)
recipedumper:oredict!@ingotIron->(265:0,1)
recipedumper:oredict!@ingotGold->(266:0,1)
recipedumper:oredict!@ingotBrick->(336:0,1)
recipedumper:oredict!@ingotBrickNether->(405:0,1)
recipedumper:oredict!@nuggetGold->(371:0,1)
recipedumper:oredict!@gemDiamond->(264:0,1)
recipedumper:oredict!@gemEmerald->(388:0,1)
recipedumper:oredict!@gemQuartz->(406:0,1)
recipedumper:oredict!@dustRedstone->(331:0,1)
recipedumper:oredict!@dustGlowstone->(348:0,1)
recipedumper:oredict!@gemLapis->(351:4,1)
recipedumper:oredict!@slimeball->(341:0,1)
recipedumper:oredict!@glowstone->(89:0,1)
recipedumper:oredict!@cropWheat->(296:0,1)
recipedumper:oredict!@cropPotato->(392:0,1)
recipedumper:oredict!@cropCarrot->(391:0,1)
recipedumper:oredict!@stone->(1:0,1)
recipedumper:oredict!@cobblestone->(4:0,1)
recipedumper:oredict!@sandstone->(24:32767,1)
recipedumper:oredict!@sand->(12:32767,1)
recipedumper:oredict!@dye->(351:32767,1)
recipedumper:oredict!@record->(2256:0,1)(2257:0,1)(2258:0,1)(2259:0,1)(2260:0,1)(2261:0,1)(2262:0,1)(2263:0,1)(2264:0,1)(2265:0,1)(2266:0,1)(2267:0,1)
recipedumper:oredict!@dyeBlack->(351:0,1)
recipedumper:oredict!@blockGlassBlack->(95:15,1)
recipedumper:oredict!@paneGlassBlack->(160:15,1)
recipedumper:oredict!@dyeRed->(351:1,1)
recipedumper:oredict!@blockGlassRed->(95:14,1)
recipedumper:oredict!@paneGlassRed->(160:14,1)
recipedumper:oredict!@dyeGreen->(351:2,1)
recipedumper:oredict!@blockGlassGreen->(95:13,1)
recipedumper:oredict!@paneGlassGreen->(160:13,1)
recipedumper:oredict!@dyeBrown->(351:3,1)
recipedumper:oredict!@blockGlassBrown->(95:12,1)
recipedumper:oredict!@paneGlassBrown->(160:12,1)
recipedumper:oredict!@dyeBlue->(351:4,1)
recipedumper:oredict!@blockGlassBlue->(95:11,1)
recipedumper:oredict!@paneGlassBlue->(160:11,1)
recipedumper:oredict!@dyePurple->(351:5,1)
recipedumper:oredict!@blockGlassPurple->(95:10,1)
recipedumper:oredict!@paneGlassPurple->(160:10,1)
recipedumper:oredict!@dyeCyan->(351:6,1)
recipedumper:oredict!@blockGlassCyan->(95:9,1)
recipedumper:oredict!@paneGlassCyan->(160:9,1)
recipedumper:oredict!@dyeLightGray->(351:7,1)
recipedumper:oredict!@blockGlassLightGray->(95:8,1)
recipedumper:oredict!@paneGlassLightGray->(160:8,1)
recipedumper:oredict!@dyeGray->(351:8,1)
recipedumper:oredict!@blockGlassGray->(95:7,1)
recipedumper:oredict!@paneGlassGray->(160:7,1)
recipedumper:oredict!@dyePink->(351:9,1)
recipedumper:oredict!@blockGlassPink->(95:6,1)
recipedumper:oredict!@paneGlassPink->(160:6,1)
recipedumper:oredict!@dyeLime->(351:10,1)
recipedumper:oredict!@blockGlassLime->(95:5,1)
recipedumper:oredict!@paneGlassLime->(160:5,1)
recipedumper:oredict!@dyeYellow->(351:11,1)
recipedumper:oredict!@blockGlassYellow->(95:4,1)
recipedumper:oredict!@paneGlassYellow->(160:4,1)
recipedumper:oredict!@dyeLightBlue->(351:12,1)
recipedumper:oredict!@blockGlassLightBlue->(95:3,1)
recipedumper:oredict!@paneGlassLightBlue->(160:3,1)
recipedumper:oredict!@dyeMagenta->(351:13,1)
recipedumper:oredict!@blockGlassMagenta->(95:2,1)
recipedumper:oredict!@paneGlassMagenta->(160:2,1)
recipedumper:oredict!@dyeOrange->(351:14,1)
recipedumper:oredict!@blockGlassOrange->(95:1,1)
recipedumper:oredict!@paneGlassOrange->(160:1,1)
recipedumper:oredict!@dyeWhite->(351:15,1)
recipedumper:oredict!@blockGlassWhite->(95:0,1)
recipedumper:oredict!@paneGlassWhite->(160:0,1)
