recipedumper:shaped!(w=3,h=3)(351:4,9)(351:4,9)(351:4,9)(351:4,9)(351:4,9)(351:4,9)(351:4,9)(351:4,9)(351:4,9)->(22:0,1)
recipedumper:shaped!(w=3,h=3)(263:0,9)(263:0,9)(263:0,9)(263:0,9)(263:0,9)(263:0,9)(263:0,9)(263:0,9)(263:0,9)->(173:0,1)
recipedumper:shaped!(w=3,h=3)(296:0,9)(296:0,9)(296:0,9)(296:0,9)(296:0,9)(296:0,9)(296:0,9)(296:0,9)(296:0,9)->(170:0,1)
recipedumper:shaped!(w=3,h=3)(371:0,1)(371:0,1)(371:0,1)(371:0,1)(371:0,1)(371:0,1)(371:0,1)(371:0,1)(371:0,1)->(266:0,1)
recipedumper:shaped!(w=3,h=3)(360:0,1)(360:0,1)(360:0,1)(360:0,1)(360:0,1)(360:0,1)(360:0,1)(360:0,1)(360:0,1)->(103:0,1)
recipedumper:shaped!(w=3,h=3)(49:32767,1)(49:32767,1)(49:32767,1)(49:32767,1)(381:0,1)(49:32767,1)(49:32767,1)(49:32767,1)(49:32767,1)->(130:0,1)
recipedumper:shaped!(w=3,h=3)(20:32767,1)(20:32767,1)(20:32767,1)(20:32767,1)(399:0,1)(20:32767,1)(49:32767,1)(49:32767,1)(49:32767,1)->(138:0,1)
recipedumper:shaped!(w=3,h=3)(334:0,1)(None)(334:0,1)(334:0,1)(334:0,1)(334:0,1)(334:0,1)(334:0,1)(334:0,1)->(299:0,1)
recipedumper:shaped!(w=3,h=3)(334:0,1)(334:0,1)(334:0,1)(334:0,1)(None)(334:0,1)(334:0,1)(None)(334:0,1)->(300:0,1)
recipedumper:shaped!(w=3,h=3)(51:32767,1)(None)(51:32767,1)(51:32767,1)(51:32767,1)(51:32767,1)(51:32767,1)(51:32767,1)(51:32767,1)->(303:0,1)
recipedumper:shaped!(w=3,h=3)(51:32767,1)(51:32767,1)(51:32767,1)(51:32767,1)(None)(51:32767,1)(51:32767,1)(None)(51:32767,1)->(304:0,1)
recipedumper:shaped!(w=3,h=3)(289:0,1)(12:32767,1)(289:0,1)(12:32767,1)(289:0,1)(12:32767,1)(289:0,1)(12:32767,1)(289:0,1)->(46:0,1)
recipedumper:shaped!(w=3,h=3)(335:0,1)(335:0,1)(335:0,1)(353:0,1)(344:0,1)(353:0,1)(296:0,1)(296:0,1)(296:0,1)->(354:0,1)
recipedumper:shaped!(w=3,h=3)(5:0,1)(None)(None)(5:0,1)(5:0,1)(None)(5:0,1)(5:0,1)(5:0,1)->(53:0,4)
recipedumper:shaped!(w=3,h=3)(5:2,1)(None)(None)(5:2,1)(5:2,1)(None)(5:2,1)(5:2,1)(5:2,1)->(135:0,4)
recipedumper:shaped!(w=3,h=3)(5:1,1)(None)(None)(5:1,1)(5:1,1)(None)(5:1,1)(5:1,1)(5:1,1)->(134:0,4)
recipedumper:shaped!(w=3,h=3)(5:3,1)(None)(None)(5:3,1)(5:3,1)(None)(5:3,1)(5:3,1)(5:3,1)->(136:0,4)
recipedumper:shaped!(w=3,h=3)(5:4,1)(None)(None)(5:4,1)(5:4,1)(None)(5:4,1)(5:4,1)(5:4,1)->(163:0,4)
recipedumper:shaped!(w=3,h=3)(5:5,1)(None)(None)(5:5,1)(5:5,1)(None)(5:5,1)(5:5,1)(5:5,1)->(164:0,4)
recipedumper:shaped!(w=3,h=3)(4:32767,1)(None)(None)(4:32767,1)(4:32767,1)(None)(4:32767,1)(4:32767,1)(4:32767,1)->(67:0,4)
recipedumper:shaped!(w=3,h=3)(45:32767,1)(None)(None)(45:32767,1)(45:32767,1)(None)(45:32767,1)(45:32767,1)(45:32767,1)->(108:0,4)
recipedumper:shaped!(w=3,h=3)(98:32767,1)(None)(None)(98:32767,1)(98:32767,1)(None)(98:32767,1)(98:32767,1)(98:32767,1)->(109:0,4)
recipedumper:shaped!(w=3,h=3)(112:32767,1)(None)(None)(112:32767,1)(112:32767,1)(None)(112:32767,1)(112:32767,1)(112:32767,1)->(114:0,4)
recipedumper:shaped!(w=3,h=3)(24:32767,1)(None)(None)(24:32767,1)(24:32767,1)(None)(24:32767,1)(24:32767,1)(24:32767,1)->(128:0,4)
recipedumper:shaped!(w=3,h=3)(155:32767,1)(None)(None)(155:32767,1)(155:32767,1)(None)(155:32767,1)(155:32767,1)(155:32767,1)->(156:0,4)
recipedumper:shaped!(w=3,h=3)(41:32767,1)(41:32767,1)(41:32767,1)(41:32767,1)(260:0,1)(41:32767,1)(41:32767,1)(41:32767,1)(41:32767,1)->(322:1,1)
recipedumper:shaped!(w=3,h=3)(371:0,1)(371:0,1)(371:0,1)(371:0,1)(391:0,1)(371:0,1)(371:0,1)(371:0,1)(371:0,1)->(396:0,1)
recipedumper:shaped!(w=3,h=3)(371:0,1)(371:0,1)(371:0,1)(371:0,1)(360:0,1)(371:0,1)(371:0,1)(371:0,1)(371:0,1)->(382:0,1)
recipedumper:shaped!(w=3,h=3)(339:0,1)(339:0,1)(339:0,1)(339:0,1)(345:0,1)(339:0,1)(339:0,1)(339:0,1)(339:0,1)->(395:0,1)
recipedumper:shaped!(w=3,h=3)(20:32767,1)(20:32767,1)(20:32767,1)(406:0,1)(406:0,1)(406:0,1)(126:32767,1)(126:32767,1)(126:32767,1)->(151:0,1)
recipedumper:shaped!(w=3,h=3)(339:0,1)(339:0,1)(339:0,1)(339:0,1)(358:32767,0)(339:0,1)(339:0,1)(339:0,1)(339:0,1)->(395:0,0)
recipedumper:shaped!(w=3,h=2)(20:32767,1)(20:32767,1)(20:32767,1)(20:32767,1)(20:32767,1)(20:32767,1)->(102:0,16)
recipedumper:shaped!(w=3,h=2)(334:0,1)(334:0,1)(334:0,1)(334:0,1)(None)(334:0,1)->(298:0,1)
recipedumper:shaped!(w=3,h=2)(334:0,1)(None)(334:0,1)(334:0,1)(None)(334:0,1)->(301:0,1)
recipedumper:shaped!(w=3,h=2)(51:32767,1)(51:32767,1)(51:32767,1)(51:32767,1)(None)(51:32767,1)->(302:0,1)
recipedumper:shaped!(w=3,h=2)(51:32767,1)(None)(51:32767,1)(51:32767,1)(None)(51:32767,1)->(305:0,1)
recipedumper:shaped!(w=3,h=2)(4:32767,1)(4:32767,1)(4:32767,1)(4:32767,1)(4:32767,1)(4:32767,1)->(139:0,6)
recipedumper:shaped!(w=3,h=2)(48:32767,1)(48:32767,1)(48:32767,1)(48:32767,1)(48:32767,1)(48:32767,1)->(139:1,6)
recipedumper:shaped!(w=3,h=2)(112:32767,1)(112:32767,1)(112:32767,1)(112:32767,1)(112:32767,1)(112:32767,1)->(113:0,6)
recipedumper:shaped!(w=3,h=2)(20:32767,1)(None)(20:32767,1)(None)(20:32767,1)(None)->(374:0,3)
recipedumper:shaped!(w=3,h=2)(336:0,1)(None)(336:0,1)(None)(336:0,1)(None)->(390:0,1)
recipedumper:shaped!(w=2,h=2)(12:0,1)(12:0,1)(12:0,1)(12:0,1)->(24:0,1)
recipedumper:shaped!(w=2,h=2)(24:32767,1)(24:32767,1)(24:32767,1)(24:32767,1)->(24:2,4)
recipedumper:shaped!(w=2,h=2)(1:32767,1)(1:32767,1)(1:32767,1)(1:32767,1)->(98:0,4)
recipedumper:shaped!(w=2,h=2)(405:0,1)(405:0,1)(405:0,1)(405:0,1)->(112:0,1)
recipedumper:shaped!(w=2,h=2)(332:0,1)(332:0,1)(332:0,1)(332:0,1)->(80:0,1)
recipedumper:shaped!(w=2,h=2)(337:0,1)(337:0,1)(337:0,1)(337:0,1)->(82:0,1)
recipedumper:shaped!(w=2,h=2)(336:0,1)(336:0,1)(336:0,1)(336:0,1)->(45:0,1)
recipedumper:shaped!(w=2,h=2)(406:0,1)(406:0,1)(406:0,1)(406:0,1)->(155:0,1)
recipedumper:shaped!(w=2,h=2)(287:0,1)(287:0,1)(287:0,1)(287:0,1)->(35:0,1)
recipedumper:shaped!(w=2,h=2)(346:0,1)(None)(None)(391:0,1)->(398:0,1)
recipedumper:shaped!(w=3,h=1)(296:0,1)(351:3,1)(296:0,1)->(357:0,8)
recipedumper:shaped!(w=3,h=1)(338:0,1)(338:0,1)(338:0,1)->(339:0,3)
recipedumper:shaped!(w=3,h=1)(80:32767,1)(80:32767,1)(80:32767,1)->(78:0,6)
recipedumper:shaped!(w=3,h=1)(24:32767,1)(24:32767,1)(24:32767,1)->(44:1,6)
recipedumper:shaped!(w=3,h=1)(45:32767,1)(45:32767,1)(45:32767,1)->(44:4,6)
recipedumper:shaped!(w=3,h=1)(98:32767,1)(98:32767,1)(98:32767,1)->(44:5,6)
recipedumper:shaped!(w=3,h=1)(112:32767,1)(112:32767,1)(112:32767,1)->(44:6,6)
recipedumper:shaped!(w=3,h=1)(155:32767,1)(155:32767,1)(155:32767,1)->(44:7,6)
recipedumper:shaped!(w=3,h=1)(5:2,1)(5:2,1)(5:2,1)->(126:2,6)
recipedumper:shaped!(w=3,h=1)(5:1,1)(5:1,1)(5:1,1)->(126:1,6)
recipedumper:shaped!(w=3,h=1)(5:3,1)(5:3,1)(5:3,1)->(126:3,6)
recipedumper:shaped!(w=3,h=1)(5:4,1)(5:4,1)(5:4,1)->(126:4,6)
recipedumper:shaped!(w=3,h=1)(5:5,1)(5:5,1)(5:5,1)->(126:5,6)
recipedumper:shaped!(w=3,h=1)(296:0,1)(296:0,1)(296:0,1)->(297:0,1)
recipedumper:shaped!(w=2,h=1)(54:32767,1)(131:32767,1)->(146:0,1)
recipedumper:shaped!(w=1,h=2)(44:1,1)(44:1,1)->(24:1,1)
recipedumper:shaped!(w=1,h=2)(44:7,1)(44:7,1)->(155:1,1)
recipedumper:shaped!(w=1,h=2)(155:0,1)(155:0,1)->(155:2,2)
recipedumper:shaped!(w=2,h=1)(35:0,1)(35:0,1)->(171:0,3)
recipedumper:shaped!(w=2,h=1)(35:1,1)(35:1,1)->(171:1,3)
recipedumper:shaped!(w=2,h=1)(35:2,1)(35:2,1)->(171:2,3)
recipedumper:shaped!(w=2,h=1)(35:3,1)(35:3,1)->(171:3,3)
recipedumper:shaped!(w=2,h=1)(35:4,1)(35:4,1)->(171:4,3)
recipedumper:shaped!(w=2,h=1)(35:5,1)(35:5,1)->(171:5,3)
recipedumper:shaped!(w=2,h=1)(35:6,1)(35:6,1)->(171:6,3)
recipedumper:shaped!(w=2,h=1)(35:7,1)(35:7,1)->(171:7,3)
recipedumper:shaped!(w=2,h=1)(35:8,1)(35:8,1)->(171:8,3)
recipedumper:shaped!(w=2,h=1)(35:9,1)(35:9,1)->(171:9,3)
recipedumper:shaped!(w=2,h=1)(35:10,1)(35:10,1)->(171:10,3)
recipedumper:shaped!(w=2,h=1)(35:11,1)(35:11,1)->(171:11,3)
recipedumper:shaped!(w=2,h=1)(35:12,1)(35:12,1)->(171:12,3)
recipedumper:shaped!(w=2,h=1)(35:13,1)(35:13,1)->(171:13,3)
recipedumper:shaped!(w=2,h=1)(35:14,1)(35:14,1)->(171:14,3)
recipedumper:shaped!(w=2,h=1)(35:15,1)(35:15,1)->(171:15,3)
recipedumper:shaped!(w=1,h=2)(86:32767,1)(50:32767,1)->(91:0,1)
recipedumper:shaped!(w=1,h=2)(54:32767,1)(328:0,1)->(342:0,1)
recipedumper:shaped!(w=1,h=2)(61:32767,1)(328:0,1)->(343:0,1)
recipedumper:shaped!(w=1,h=2)(46:32767,1)(328:0,1)->(407:0,1)
recipedumper:shaped!(w=1,h=2)(154:32767,1)(328:0,1)->(408:0,1)
recipedumper:shaped!(w=1,h=1)(41:32767,1)->(266:0,9)
recipedumper:shaped!(w=1,h=1)(42:32767,1)->(265:0,9)
recipedumper:shaped!(w=1,h=1)(57:32767,1)->(264:0,9)
recipedumper:shaped!(w=1,h=1)(133:32767,1)->(388:0,9)
recipedumper:shaped!(w=1,h=1)(22:32767,1)->(351:4,9)
recipedumper:shaped!(w=1,h=1)(152:32767,1)->(331:0,9)
recipedumper:shaped!(w=1,h=1)(173:32767,1)->(263:0,9)
recipedumper:shaped!(w=1,h=1)(170:32767,1)->(296:0,9)
recipedumper:shaped!(w=1,h=1)(360:0,1)->(362:0,1)
recipedumper:shaped!(w=1,h=1)(86:32767,1)->(361:0,4)
recipedumper:shaped!(w=1,h=1)(338:0,1)->(353:0,1)
recipedumper:shaped!(w=1,h=1)(17:0,1)->(5:0,4)
recipedumper:shaped!(w=1,h=1)(17:1,1)->(5:1,4)
recipedumper:shaped!(w=1,h=1)(17:2,1)->(5:2,4)
recipedumper:shaped!(w=1,h=1)(17:3,1)->(5:3,4)
recipedumper:shaped!(w=1,h=1)(162:0,1)->(5:4,4)
recipedumper:shaped!(w=1,h=1)(162:1,1)->(5:5,4)
recipedumper:shapeless!(339:0,1)(339:0,1)(339:0,1)(334:0,1)->(340:0,1)
recipedumper:shapeless!(39:0,1)(40:0,1)(281:0,1)->(282:0,1)
recipedumper:shapeless!(86:0,1)(353:0,1)(344:0,1)->(400:0,1)
recipedumper:shapeless!(375:0,1)(39:0,1)(353:0,1)->(376:0,1)
recipedumper:shapeless!(289:0,1)(377:0,1)(263:0,1)->(385:0,3)
recipedumper:shapeless!(289:0,1)(377:0,1)(263:1,1)->(385:0,3)
recipedumper:shapeless!(368:0,1)(377:0,1)->(381:0,1)
recipedumper:shapeless!(369:0,1)->(377:0,2)
recipedumper:shapeless!(37:0,1)->(351:11,1)
recipedumper:shapeless!(38:0,1)->(351:1,1)
recipedumper:shapeless!(352:0,1)->(351:15,3)
recipedumper:shapeless!(38:1,1)->(351:12,1)
recipedumper:shapeless!(38:2,1)->(351:13,1)
recipedumper:shapeless!(38:3,1)->(351:7,1)
recipedumper:shapeless!(38:4,1)->(351:1,1)
recipedumper:shapeless!(38:5,1)->(351:14,1)
recipedumper:shapeless!(38:6,1)->(351:7,1)
recipedumper:shapeless!(38:7,1)->(351:9,1)
recipedumper:shapeless!(38:8,1)->(351:7,1)
recipedumper:shapeless!(175:0,1)->(351:11,2)
recipedumper:shapeless!(175:1,1)->(351:13,2)
recipedumper:shapeless!(175:4,1)->(351:1,2)
recipedumper:shapeless!(175:5,1)->(351:9,2)
recipedumper:shapedore!(w=3,h=3)(@plankWood,1)(@plankWood,1)(@plankWood,1)(None)(@stickWood,1)(None)(None)(@stickWood,1)(None)->(270:0,1)
recipedumper:shapedore!(w=3,h=3)(@cobblestone,1)(@cobblestone,1)(@cobblestone,1)(None)(@stickWood,1)(None)(None)(@stickWood,1)(None)->(274:0,1)
recipedumper:shapedore!(w=3,h=3)(@ingotIron,1)(@ingotIron,1)(@ingotIron,1)(None)(@stickWood,1)(None)(None)(@stickWood,1)(None)->(257:0,1)
recipedumper:shapedore!(w=3,h=3)(@gemDiamond,1)(@gemDiamond,1)(@gemDiamond,1)(None)(@stickWood,1)(None)(None)(@stickWood,1)(None)->(278:0,1)
recipedumper:shapedore!(w=3,h=3)(@ingotGold,1)(@ingotGold,1)(@ingotGold,1)(None)(@stickWood,1)(None)(None)(@stickWood,1)(None)->(285:0,1)
recipedumper:shapedore!(w=3,h=3)(None)(@stickWood,1)(287:0,1)(@stickWood,1)(None)(287:0,1)(None)(@stickWood,1)(287:0,1)->(261:0,1)
recipedumper:shapedore!(w=3,h=3)(@ingotGold,1)(@ingotGold,1)(@ingotGold,1)(@ingotGold,1)(@ingotGold,1)(@ingotGold,1)(@ingotGold,1)(@ingotGold,1)(@ingotGold,1)->(41:0,1)
recipedumper:shapedore!(w=3,h=3)(@ingotIron,1)(@ingotIron,1)(@ingotIron,1)(@ingotIron,1)(@ingotIron,1)(@ingotIron,1)(@ingotIron,1)(@ingotIron,1)(@ingotIron,1)->(42:0,1)
recipedumper:shapedore!(w=3,h=3)(@gemDiamond,1)(@gemDiamond,1)(@gemDiamond,1)(@gemDiamond,1)(@gemDiamond,1)(@gemDiamond,1)(@gemDiamond,1)(@gemDiamond,1)(@gemDiamond,1)->(57:0,1)
recipedumper:shapedore!(w=3,h=3)(@gemEmerald,1)(@gemEmerald,1)(@gemEmerald,1)(@gemEmerald,1)(@gemEmerald,1)(@gemEmerald,1)(@gemEmerald,1)(@gemEmerald,1)(@gemEmerald,1)->(133:0,1)
recipedumper:shapedore!(w=3,h=3)(@dustRedstone,1)(@dustRedstone,1)(@dustRedstone,1)(@dustRedstone,1)(@dustRedstone,1)(@dustRedstone,1)(@dustRedstone,1)(@dustRedstone,1)(@dustRedstone,1)->(152:0,1)
recipedumper:shapedore!(w=3,h=3)(@plankWood,1)(@plankWood,1)(@plankWood,1)(@plankWood,1)(None)(@plankWood,1)(@plankWood,1)(@plankWood,1)(@plankWood,1)->(54:0,1)
recipedumper:shapedore!(w=3,h=3)(@cobblestone,1)(@cobblestone,1)(@cobblestone,1)(@cobblestone,1)(None)(@cobblestone,1)(@cobblestone,1)(@cobblestone,1)(@cobblestone,1)->(61:0,1)
recipedumper:shapedore!(w=3,h=3)(None)(@dustRedstone,1)(None)(@dustRedstone,1)(89:32767,1)(@dustRedstone,1)(None)(@dustRedstone,1)(None)->(123:0,1)
recipedumper:shapedore!(w=3,h=3)(@ingotIron,1)(None)(@ingotIron,1)(@ingotIron,1)(@ingotIron,1)(@ingotIron,1)(@ingotIron,1)(@ingotIron,1)(@ingotIron,1)->(307:0,1)
recipedumper:shapedore!(w=3,h=3)(@ingotIron,1)(@ingotIron,1)(@ingotIron,1)(@ingotIron,1)(None)(@ingotIron,1)(@ingotIron,1)(None)(@ingotIron,1)->(308:0,1)
recipedumper:shapedore!(w=3,h=3)(@gemDiamond,1)(None)(@gemDiamond,1)(@gemDiamond,1)(@gemDiamond,1)(@gemDiamond,1)(@gemDiamond,1)(@gemDiamond,1)(@gemDiamond,1)->(311:0,1)
recipedumper:shapedore!(w=3,h=3)(@gemDiamond,1)(@gemDiamond,1)(@gemDiamond,1)(@gemDiamond,1)(None)(@gemDiamond,1)(@gemDiamond,1)(None)(@gemDiamond,1)->(312:0,1)
recipedumper:shapedore!(w=3,h=3)(@ingotGold,1)(None)(@ingotGold,1)(@ingotGold,1)(@ingotGold,1)(@ingotGold,1)(@ingotGold,1)(@ingotGold,1)(@ingotGold,1)->(315:0,1)
recipedumper:shapedore!(w=3,h=3)(@ingotGold,1)(@ingotGold,1)(@ingotGold,1)(@ingotGold,1)(None)(@ingotGold,1)(@ingotGold,1)(None)(@ingotGold,1)->(316:0,1)
recipedumper:shapedore!(w=3,h=3)(172:0,1)(172:0,1)(172:0,1)(172:0,1)(@dyeBlack,1)(172:0,1)(172:0,1)(172:0,1)(172:0,1)->(159:15,8)
recipedumper:shapedore!(w=3,h=3)(@blockGlass,1)(@blockGlass,1)(@blockGlass,1)(@blockGlass,1)(@dyeBlack,1)(@blockGlass,1)(@blockGlass,1)(@blockGlass,1)(@blockGlass,1)->(95:15,8)
recipedumper:shapedore!(w=3,h=3)(172:0,1)(172:0,1)(172:0,1)(172:0,1)(@dyeRed,1)(172:0,1)(172:0,1)(172:0,1)(172:0,1)->(159:14,8)
recipedumper:shapedore!(w=3,h=3)(@blockGlass,1)(@blockGlass,1)(@blockGlass,1)(@blockGlass,1)(@dyeRed,1)(@blockGlass,1)(@blockGlass,1)(@blockGlass,1)(@blockGlass,1)->(95:14,8)
recipedumper:shapedore!(w=3,h=3)(172:0,1)(172:0,1)(172:0,1)(172:0,1)(@dyeGreen,1)(172:0,1)(172:0,1)(172:0,1)(172:0,1)->(159:13,8)
recipedumper:shapedore!(w=3,h=3)(@blockGlass,1)(@blockGlass,1)(@blockGlass,1)(@blockGlass,1)(@dyeGreen,1)(@blockGlass,1)(@blockGlass,1)(@blockGlass,1)(@blockGlass,1)->(95:13,8)
recipedumper:shapedore!(w=3,h=3)(172:0,1)(172:0,1)(172:0,1)(172:0,1)(@dyeBrown,1)(172:0,1)(172:0,1)(172:0,1)(172:0,1)->(159:12,8)
recipedumper:shapedore!(w=3,h=3)(@blockGlass,1)(@blockGlass,1)(@blockGlass,1)(@blockGlass,1)(@dyeBrown,1)(@blockGlass,1)(@blockGlass,1)(@blockGlass,1)(@blockGlass,1)->(95:12,8)
recipedumper:shapedore!(w=3,h=3)(172:0,1)(172:0,1)(172:0,1)(172:0,1)(@dyeBlue,1)(172:0,1)(172:0,1)(172:0,1)(172:0,1)->(159:11,8)
recipedumper:shapedore!(w=3,h=3)(@blockGlass,1)(@blockGlass,1)(@blockGlass,1)(@blockGlass,1)(@dyeBlue,1)(@blockGlass,1)(@blockGlass,1)(@blockGlass,1)(@blockGlass,1)->(95:11,8)
recipedumper:shapedore!(w=3,h=3)(172:0,1)(172:0,1)(172:0,1)(172:0,1)(@dyePurple,1)(172:0,1)(172:0,1)(172:0,1)(172:0,1)->(159:10,8)
recipedumper:shapedore!(w=3,h=3)(@blockGlass,1)(@blockGlass,1)(@blockGlass,1)(@blockGlass,1)(@dyePurple,1)(@blockGlass,1)(@blockGlass,1)(@blockGlass,1)(@blockGlass,1)->(95:10,8)
recipedumper:shapedore!(w=3,h=3)(172:0,1)(172:0,1)(172:0,1)(172:0,1)(@dyeCyan,1)(172:0,1)(172:0,1)(172:0,1)(172:0,1)->(159:9,8)
recipedumper:shapedore!(w=3,h=3)(@blockGlass,1)(@blockGlass,1)(@blockGlass,1)(@blockGlass,1)(@dyeCyan,1)(@blockGlass,1)(@blockGlass,1)(@blockGlass,1)(@blockGlass,1)->(95:9,8)
recipedumper:shapedore!(w=3,h=3)(172:0,1)(172:0,1)(172:0,1)(172:0,1)(@dyeLightGray,1)(172:0,1)(172:0,1)(172:0,1)(172:0,1)->(159:8,8)
recipedumper:shapedore!(w=3,h=3)(@blockGlass,1)(@blockGlass,1)(@blockGlass,1)(@blockGlass,1)(@dyeLightGray,1)(@blockGlass,1)(@blockGlass,1)(@blockGlass,1)(@blockGlass,1)->(95:8,8)
recipedumper:shapedore!(w=3,h=3)(172:0,1)(172:0,1)(172:0,1)(172:0,1)(@dyeGray,1)(172:0,1)(172:0,1)(172:0,1)(172:0,1)->(159:7,8)
recipedumper:shapedore!(w=3,h=3)(@blockGlass,1)(@blockGlass,1)(@blockGlass,1)(@blockGlass,1)(@dyeGray,1)(@blockGlass,1)(@blockGlass,1)(@blockGlass,1)(@blockGlass,1)->(95:7,8)
recipedumper:shapedore!(w=3,h=3)(172:0,1)(172:0,1)(172:0,1)(172:0,1)(@dyePink,1)(172:0,1)(172:0,1)(172:0,1)(172:0,1)->(159:6,8)
recipedumper:shapedore!(w=3,h=3)(@blockGlass,1)(@blockGlass,1)(@blockGlass,1)(@blockGlass,1)(@dyePink,1)(@blockGlass,1)(@blockGlass,1)(@blockGlass,1)(@blockGlass,1)->(95:6,8)
recipedumper:shapedore!(w=3,h=3)(172:0,1)(172:0,1)(172:0,1)(172:0,1)(@dyeLime,1)(172:0,1)(172:0,1)(172:0,1)(172:0,1)->(159:5,8)
recipedumper:shapedore!(w=3,h=3)(@blockGlass,1)(@blockGlass,1)(@blockGlass,1)(@blockGlass,1)(@dyeLime,1)(@blockGlass,1)(@blockGlass,1)(@blockGlass,1)(@blockGlass,1)->(95:5,8)
recipedumper:shapedore!(w=3,h=3)(172:0,1)(172:0,1)(172:0,1)(172:0,1)(@dyeYellow,1)(172:0,1)(172:0,1)(172:0,1)(172:0,1)->(159:4,8)
recipedumper:shapedore!(w=3,h=3)(@blockGlass,1)(@blockGlass,1)(@blockGlass,1)(@blockGlass,1)(@dyeYellow,1)(@blockGlass,1)(@blockGlass,1)(@blockGlass,1)(@blockGlass,1)->(95:4,8)
recipedumper:shapedore!(w=3,h=3)(172:0,1)(172:0,1)(172:0,1)(172:0,1)(@dyeLightBlue,1)(172:0,1)(172:0,1)(172:0,1)(172:0,1)->(159:3,8)
recipedumper:shapedore!(w=3,h=3)(@blockGlass,1)(@blockGlass,1)(@blockGlass,1)(@blockGlass,1)(@dyeLightBlue,1)(@blockGlass,1)(@blockGlass,1)(@blockGlass,1)(@blockGlass,1)->(95:3,8)
recipedumper:shapedore!(w=3,h=3)(172:0,1)(172:0,1)(172:0,1)(172:0,1)(@dyeMagenta,1)(172:0,1)(172:0,1)(172:0,1)(172:0,1)->(159:2,8)
recipedumper:shapedore!(w=3,h=3)(@blockGlass,1)(@blockGlass,1)(@blockGlass,1)(@blockGlass,1)(@dyeMagenta,1)(@blockGlass,1)(@blockGlass,1)(@blockGlass,1)(@blockGlass,1)->(95:2,8)
recipedumper:shapedore!(w=3,h=3)(172:0,1)(172:0,1)(172:0,1)(172:0,1)(@dyeOrange,1)(172:0,1)(172:0,1)(172:0,1)(172:0,1)->(159:1,8)
recipedumper:shapedore!(w=3,h=3)(@blockGlass,1)(@blockGlass,1)(@blockGlass,1)(@blockGlass,1)(@dyeOrange,1)(@blockGlass,1)(@blockGlass,1)(@blockGlass,1)(@blockGlass,1)->(95:1,8)
recipedumper:shapedore!(w=3,h=3)(172:0,1)(172:0,1)(172:0,1)(172:0,1)(@dyeWhite,1)(172:0,1)(172:0,1)(172:0,1)(172:0,1)->(159:0,8)
recipedumper:shapedore!(w=3,h=3)(@blockGlass,1)(@blockGlass,1)(@blockGlass,1)(@blockGlass,1)(@dyeWhite,1)(@blockGlass,1)(@blockGlass,1)(@blockGlass,1)(@blockGlass,1)->(95:0,8)
recipedumper:shapedore!(w=3,h=3)(@plankWood,1)(@plankWood,1)(@plankWood,1)(@plankWood,1)(@gemDiamond,1)(@plankWood,1)(@plankWood,1)(@plankWood,1)(@plankWood,1)->(84:0,1)
recipedumper:shapedore!(w=3,h=3)(287:0,1)(287:0,1)(None)(287:0,1)(@slimeball,1)(None)(None)(None)(287:0,1)->(420:0,2)
recipedumper:shapedore!(w=3,h=3)(@plankWood,1)(@plankWood,1)(@plankWood,1)(@plankWood,1)(@dustRedstone,1)(@plankWood,1)(@plankWood,1)(@plankWood,1)(@plankWood,1)->(25:0,1)
recipedumper:shapedore!(w=3,h=3)(@plankWood,1)(@plankWood,1)(@plankWood,1)(340:0,1)(340:0,1)(340:0,1)(@plankWood,1)(@plankWood,1)(@plankWood,1)->(47:0,1)
recipedumper:shapedore!(w=3,h=3)(@stickWood,1)(None)(@stickWood,1)(@stickWood,1)(@stickWood,1)(@stickWood,1)(@stickWood,1)(None)(@stickWood,1)->(65:0,3)
recipedumper:shapedore!(w=3,h=3)(@plankWood,1)(@plankWood,1)(@plankWood,1)(@plankWood,1)(@plankWood,1)(@plankWood,1)(None)(@stickWood,1)(None)->(323:0,3)
recipedumper:shapedore!(w=3,h=3)(@ingotIron,1)(None)(@ingotIron,1)(@ingotIron,1)(@stickWood,1)(@ingotIron,1)(@ingotIron,1)(None)(@ingotIron,1)->(66:0,16)
recipedumper:shapedore!(w=3,h=3)(@ingotGold,1)(None)(@ingotGold,1)(@ingotGold,1)(@stickWood,1)(@ingotGold,1)(@ingotGold,1)(@dustRedstone,1)(@ingotGold,1)->(27:0,6)
recipedumper:shapedore!(w=3,h=3)(@ingotIron,1)(@stickWood,1)(@ingotIron,1)(@ingotIron,1)(76:32767,1)(@ingotIron,1)(@ingotIron,1)(@stickWood,1)(@ingotIron,1)->(157:0,6)
recipedumper:shapedore!(w=3,h=3)(@ingotIron,1)(None)(@ingotIron,1)(@ingotIron,1)(70:32767,1)(@ingotIron,1)(@ingotIron,1)(@dustRedstone,1)(@ingotIron,1)->(28:0,6)
recipedumper:shapedore!(w=3,h=3)(@ingotIron,1)(None)(@ingotIron,1)(@ingotIron,1)(None)(@ingotIron,1)(@ingotIron,1)(@ingotIron,1)(@ingotIron,1)->(380:0,1)
recipedumper:shapedore!(w=3,h=3)(None)(None)(@stickWood,1)(None)(@stickWood,1)(287:0,1)(@stickWood,1)(None)(287:0,1)->(346:0,1)
recipedumper:shapedore!(w=3,h=3)(@stickWood,1)(@stickWood,1)(@stickWood,1)(@stickWood,1)(35:32767,1)(@stickWood,1)(@stickWood,1)(@stickWood,1)(@stickWood,1)->(321:0,1)
recipedumper:shapedore!(w=3,h=3)(@stickWood,1)(@stickWood,1)(@stickWood,1)(@stickWood,1)(334:0,1)(@stickWood,1)(@stickWood,1)(@stickWood,1)(@stickWood,1)->(389:0,1)
recipedumper:shapedore!(w=3,h=3)(@ingotGold,1)(@ingotGold,1)(@ingotGold,1)(@ingotGold,1)(260:0,1)(@ingotGold,1)(@ingotGold,1)(@ingotGold,1)(@ingotGold,1)->(322:0,1)
recipedumper:shapedore!(w=3,h=3)(None)(76:32767,1)(None)(76:32767,1)(406:0,1)(76:32767,1)(@stone,1)(@stone,1)(@stone,1)->(404:0,1)
recipedumper:shapedore!(w=3,h=3)(None)(@ingotGold,1)(None)(@ingotGold,1)(@dustRedstone,1)(@ingotGold,1)(None)(@ingotGold,1)(None)->(347:0,1)
recipedumper:shapedore!(w=3,h=3)(None)(@ingotIron,1)(None)(@ingotIron,1)(@dustRedstone,1)(@ingotIron,1)(None)(@ingotIron,1)(None)->(345:0,1)
recipedumper:shapedore!(w=3,h=3)(@cobblestone,1)(@cobblestone,1)(@cobblestone,1)(@cobblestone,1)(261:0,1)(@cobblestone,1)(@cobblestone,1)(@dustRedstone,1)(@cobblestone,1)->(23:0,1)
recipedumper:shapedore!(w=3,h=3)(@cobblestone,1)(@cobblestone,1)(@cobblestone,1)(@cobblestone,1)(None)(@cobblestone,1)(@cobblestone,1)(@dustRedstone,1)(@cobblestone,1)->(158:0,1)
recipedumper:shapedore!(w=3,h=3)(@plankWood,1)(@plankWood,1)(@plankWood,1)(@cobblestone,1)(@ingotIron,1)(@cobblestone,1)(@cobblestone,1)(@dustRedstone,1)(@cobblestone,1)->(33:0,1)
recipedumper:shapedore!(w=3,h=3)(None)(340:0,1)(None)(@gemDiamond,1)(49:32767,1)(@gemDiamond,1)(49:32767,1)(49:32767,1)(49:32767,1)->(116:0,1)
recipedumper:shapedore!(w=3,h=3)(42:32767,1)(42:32767,1)(42:32767,1)(None)(@ingotIron,1)(None)(@ingotIron,1)(@ingotIron,1)(@ingotIron,1)->(145:0,1)
recipedumper:shapedore!(w=3,h=3)(@ingotIron,1)(None)(@ingotIron,1)(@ingotIron,1)(54:32767,1)(@ingotIron,1)(None)(@ingotIron,1)(None)->(154:0,1)
recipedumper:shapedore!(w=2,h=3)(@plankWood,1)(@plankWood,1)(@plankWood,1)(@stickWood,1)(None)(@stickWood,1)->(271:0,1)
recipedumper:shapedore!(w=2,h=3)(@plankWood,1)(@plankWood,1)(None)(@stickWood,1)(None)(@stickWood,1)->(290:0,1)
recipedumper:shapedore!(w=2,h=3)(@cobblestone,1)(@cobblestone,1)(@cobblestone,1)(@stickWood,1)(None)(@stickWood,1)->(275:0,1)
recipedumper:shapedore!(w=2,h=3)(@cobblestone,1)(@cobblestone,1)(None)(@stickWood,1)(None)(@stickWood,1)->(291:0,1)
recipedumper:shapedore!(w=2,h=3)(@ingotIron,1)(@ingotIron,1)(@ingotIron,1)(@stickWood,1)(None)(@stickWood,1)->(258:0,1)
recipedumper:shapedore!(w=2,h=3)(@ingotIron,1)(@ingotIron,1)(None)(@stickWood,1)(None)(@stickWood,1)->(292:0,1)
recipedumper:shapedore!(w=2,h=3)(@gemDiamond,1)(@gemDiamond,1)(@gemDiamond,1)(@stickWood,1)(None)(@stickWood,1)->(279:0,1)
recipedumper:shapedore!(w=2,h=3)(@gemDiamond,1)(@gemDiamond,1)(None)(@stickWood,1)(None)(@stickWood,1)->(293:0,1)
recipedumper:shapedore!(w=2,h=3)(@ingotGold,1)(@ingotGold,1)(@ingotGold,1)(@stickWood,1)(None)(@stickWood,1)->(286:0,1)
recipedumper:shapedore!(w=2,h=3)(@ingotGold,1)(@ingotGold,1)(None)(@stickWood,1)(None)(@stickWood,1)->(294:0,1)
recipedumper:shapedore!(w=3,h=2)(@ingotIron,1)(@ingotIron,1)(@ingotIron,1)(@ingotIron,1)(@ingotIron,1)(@ingotIron,1)->(101:0,16)
recipedumper:shapedore!(w=3,h=2)(@ingotIron,1)(@ingotIron,1)(@ingotIron,1)(@ingotIron,1)(None)(@ingotIron,1)->(306:0,1)
recipedumper:shapedore!(w=3,h=2)(@ingotIron,1)(None)(@ingotIron,1)(@ingotIron,1)(None)(@ingotIron,1)->(309:0,1)
recipedumper:shapedore!(w=3,h=2)(@gemDiamond,1)(@gemDiamond,1)(@gemDiamond,1)(@gemDiamond,1)(None)(@gemDiamond,1)->(310:0,1)
recipedumper:shapedore!(w=3,h=2)(@gemDiamond,1)(None)(@gemDiamond,1)(@gemDiamond,1)(None)(@gemDiamond,1)->(313:0,1)
recipedumper:shapedore!(w=3,h=2)(@ingotGold,1)(@ingotGold,1)(@ingotGold,1)(@ingotGold,1)(None)(@ingotGold,1)->(314:0,1)
recipedumper:shapedore!(w=3,h=2)(@ingotGold,1)(None)(@ingotGold,1)(@ingotGold,1)(None)(@ingotGold,1)->(317:0,1)
recipedumper:shapedore!(w=3,h=2)(@blockGlassWhite,1)(@blockGlassWhite,1)(@blockGlassWhite,1)(@blockGlassWhite,1)(@blockGlassWhite,1)(@blockGlassWhite,1)->(160:0,16)
recipedumper:shapedore!(w=3,h=2)(@blockGlassOrange,1)(@blockGlassOrange,1)(@blockGlassOrange,1)(@blockGlassOrange,1)(@blockGlassOrange,1)(@blockGlassOrange,1)->(160:1,16)
recipedumper:shapedore!(w=3,h=2)(@blockGlassMagenta,1)(@blockGlassMagenta,1)(@blockGlassMagenta,1)(@blockGlassMagenta,1)(@blockGlassMagenta,1)(@blockGlassMagenta,1)->(160:2,16)
recipedumper:shapedore!(w=3,h=2)(@blockGlassLightBlue,1)(@blockGlassLightBlue,1)(@blockGlassLightBlue,1)(@blockGlassLightBlue,1)(@blockGlassLightBlue,1)(@blockGlassLightBlue,1)->(160:3,16)
recipedumper:shapedore!(w=3,h=2)(@blockGlassYellow,1)(@blockGlassYellow,1)(@blockGlassYellow,1)(@blockGlassYellow,1)(@blockGlassYellow,1)(@blockGlassYellow,1)->(160:4,16)
recipedumper:shapedore!(w=3,h=2)(@blockGlassLime,1)(@blockGlassLime,1)(@blockGlassLime,1)(@blockGlassLime,1)(@blockGlassLime,1)(@blockGlassLime,1)->(160:5,16)
recipedumper:shapedore!(w=3,h=2)(@blockGlassPink,1)(@blockGlassPink,1)(@blockGlassPink,1)(@blockGlassPink,1)(@blockGlassPink,1)(@blockGlassPink,1)->(160:6,16)
recipedumper:shapedore!(w=3,h=2)(@blockGlassGray,1)(@blockGlassGray,1)(@blockGlassGray,1)(@blockGlassGray,1)(@blockGlassGray,1)(@blockGlassGray,1)->(160:7,16)
recipedumper:shapedore!(w=3,h=2)(@blockGlassLightGray,1)(@blockGlassLightGray,1)(@blockGlassLightGray,1)(@blockGlassLightGray,1)(@blockGlassLightGray,1)(@blockGlassLightGray,1)->(160:8,16)
recipedumper:shapedore!(w=3,h=2)(@blockGlassCyan,1)(@blockGlassCyan,1)(@blockGlassCyan,1)(@blockGlassCyan,1)(@blockGlassCyan,1)(@blockGlassCyan,1)->(160:9,16)
recipedumper:shapedore!(w=3,h=2)(@blockGlassPurple,1)(@blockGlassPurple,1)(@blockGlassPurple,1)(@blockGlassPurple,1)(@blockGlassPurple,1)(@blockGlassPurple,1)->(160:10,16)
recipedumper:shapedore!(w=3,h=2)(@blockGlassBlue,1)(@blockGlassBlue,1)(@blockGlassBlue,1)(@blockGlassBlue,1)(@blockGlassBlue,1)(@blockGlassBlue,1)->(160:11,16)
recipedumper:shapedore!(w=3,h=2)(@blockGlassBrown,1)(@blockGlassBrown,1)(@blockGlassBrown,1)(@blockGlassBrown,1)(@blockGlassBrown,1)(@blockGlassBrown,1)->(160:12,16)
recipedumper:shapedore!(w=3,h=2)(@blockGlassGreen,1)(@blockGlassGreen,1)(@blockGlassGreen,1)(@blockGlassGreen,1)(@blockGlassGreen,1)(@blockGlassGreen,1)->(160:13,16)
recipedumper:shapedore!(w=3,h=2)(@blockGlassRed,1)(@blockGlassRed,1)(@blockGlassRed,1)(@blockGlassRed,1)(@blockGlassRed,1)(@blockGlassRed,1)->(160:14,16)
recipedumper:shapedore!(w=3,h=2)(@blockGlassBlack,1)(@blockGlassBlack,1)(@blockGlassBlack,1)(@blockGlassBlack,1)(@blockGlassBlack,1)(@blockGlassBlack,1)->(160:15,16)
recipedumper:shapedore!(w=3,h=2)(@stickWood,1)(@stickWood,1)(@stickWood,1)(@stickWood,1)(@stickWood,1)(@stickWood,1)->(85:0,2)
recipedumper:shapedore!(w=3,h=2)(@stickWood,1)(@plankWood,1)(@stickWood,1)(@stickWood,1)(@plankWood,1)(@stickWood,1)->(107:0,1)
recipedumper:shapedore!(w=2,h=3)(@plankWood,1)(@plankWood,1)(@plankWood,1)(@plankWood,1)(@plankWood,1)(@plankWood,1)->(324:0,1)
recipedumper:shapedore!(w=3,h=2)(@plankWood,1)(@plankWood,1)(@plankWood,1)(@plankWood,1)(@plankWood,1)(@plankWood,1)->(96:0,2)
recipedumper:shapedore!(w=2,h=3)(@ingotIron,1)(@ingotIron,1)(@ingotIron,1)(@ingotIron,1)(@ingotIron,1)(@ingotIron,1)->(330:0,1)
recipedumper:shapedore!(w=3,h=2)(@plankWood,1)(None)(@plankWood,1)(None)(@plankWood,1)(None)->(281:0,4)
recipedumper:shapedore!(w=3,h=2)(@ingotIron,1)(None)(@ingotIron,1)(@ingotIron,1)(@ingotIron,1)(@ingotIron,1)->(328:0,1)
recipedumper:shapedore!(w=3,h=2)(None)(369:0,1)(None)(@cobblestone,1)(@cobblestone,1)(@cobblestone,1)->(379:0,1)
recipedumper:shapedore!(w=3,h=2)(@plankWood,1)(None)(@plankWood,1)(@plankWood,1)(@plankWood,1)(@plankWood,1)->(333:0,1)
recipedumper:shapedore!(w=3,h=2)(@ingotIron,1)(None)(@ingotIron,1)(None)(@ingotIron,1)(None)->(325:0,1)
recipedumper:shapedore!(w=3,h=2)(76:32767,1)(@dustRedstone,1)(76:32767,1)(@stone,1)(@stone,1)(@stone,1)->(356:0,1)
recipedumper:shapedore!(w=3,h=2)(35:32767,1)(35:32767,1)(35:32767,1)(@plankWood,1)(@plankWood,1)(@plankWood,1)->(355:0,1)
recipedumper:shapedore!(w=2,h=2)(None)(@ingotIron,1)(@ingotIron,1)(None)->(359:0,1)
recipedumper:shapedore!(w=2,h=2)(@plankWood,1)(@plankWood,1)(@plankWood,1)(@plankWood,1)->(58:0,1)
recipedumper:shapedore!(w=2,h=2)(@dustGlowstone,1)(@dustGlowstone,1)(@dustGlowstone,1)(@dustGlowstone,1)->(89:0,1)
recipedumper:shapedore!(w=1,h=3)(@plankWood,1)(@stickWood,1)(@stickWood,1)->(269:0,1)
recipedumper:shapedore!(w=1,h=3)(@cobblestone,1)(@stickWood,1)(@stickWood,1)->(273:0,1)
recipedumper:shapedore!(w=1,h=3)(@ingotIron,1)(@stickWood,1)(@stickWood,1)->(256:0,1)
recipedumper:shapedore!(w=1,h=3)(@gemDiamond,1)(@stickWood,1)(@stickWood,1)->(277:0,1)
recipedumper:shapedore!(w=1,h=3)(@ingotGold,1)(@stickWood,1)(@stickWood,1)->(284:0,1)
recipedumper:shapedore!(w=1,h=3)(@plankWood,1)(@plankWood,1)(@stickWood,1)->(268:0,1)
recipedumper:shapedore!(w=1,h=3)(@cobblestone,1)(@cobblestone,1)(@stickWood,1)->(272:0,1)
recipedumper:shapedore!(w=1,h=3)(@ingotIron,1)(@ingotIron,1)(@stickWood,1)->(267:0,1)
recipedumper:shapedore!(w=1,h=3)(@gemDiamond,1)(@gemDiamond,1)(@stickWood,1)->(276:0,1)
recipedumper:shapedore!(w=1,h=3)(@ingotGold,1)(@ingotGold,1)(@stickWood,1)->(283:0,1)
recipedumper:shapedore!(w=1,h=3)(318:0,1)(@stickWood,1)(288:0,1)->(262:0,4)
recipedumper:shapedore!(w=3,h=1)(@cobblestone,1)(@cobblestone,1)(@cobblestone,1)->(44:3,6)
recipedumper:shapedore!(w=3,h=1)(@stone,1)(@stone,1)(@stone,1)->(44:0,6)
recipedumper:shapedore!(w=3,h=1)(@plankWood,1)(@plankWood,1)(@plankWood,1)->(126:0,6)
recipedumper:shapedore!(w=1,h=3)(@ingotIron,1)(@stickWood,1)(@plankWood,1)->(131:0,2)
recipedumper:shapedore!(w=1,h=2)(@plankWood,1)(@plankWood,1)->(280:0,4)
recipedumper:shapedore!(w=1,h=2)(263:0,1)(@stickWood,1)->(50:0,4)
recipedumper:shapedore!(w=1,h=2)(263:1,1)(@stickWood,1)->(50:0,4)
recipedumper:shapedore!(w=1,h=2)(@stickWood,1)(@cobblestone,1)->(69:0,1)
recipedumper:shapedore!(w=1,h=2)(@dustRedstone,1)(@stickWood,1)->(76:0,1)
recipedumper:shapedore!(w=2,h=1)(@stone,1)(@stone,1)->(70:0,1)
recipedumper:shapedore!(w=2,h=1)(@plankWood,1)(@plankWood,1)->(72:0,1)
recipedumper:shapedore!(w=2,h=1)(@ingotIron,1)(@ingotIron,1)->(148:0,1)
recipedumper:shapedore!(w=2,h=1)(@ingotGold,1)(@ingotGold,1)->(147:0,1)
recipedumper:shapedore!(w=1,h=2)(@slimeball,1)(33:32767,1)->(29:0,1)
recipedumper:shapedore!(w=1,h=1)(@ingotGold,1)->(371:0,9)
recipedumper:shapedore!(w=1,h=1)(@stone,1)->(77:0,1)
recipedumper:shapedore!(w=1,h=1)(@plankWood,1)->(143:0,1)
recipedumper:shapelessore!(@dyeBlue,1)(@dyeRed,1)(@dyeRed,1)(@dyeWhite,1)->(351:13,4)
recipedumper:shapelessore!(@dyeBlack,1)(@dyeWhite,1)(@dyeWhite,1)->(351:7,3)
recipedumper:shapelessore!(@dyeBlue,1)(@dyeRed,1)(@dyePink,1)->(351:13,3)
recipedumper:shapelessore!(340:0,1)(@dyeBlack,1)(288:0,1)->(386:0,1)
recipedumper:shapelessore!(377:0,1)(@slimeball,1)->(378:0,1)
recipedumper:shapelessore!(@dyeBlack,1)(35:0,1)->(35:15,1)
recipedumper:shapelessore!(@dyeRed,1)(35:0,1)->(35:14,1)
recipedumper:shapelessore!(@dyeGreen,1)(35:0,1)->(35:13,1)
recipedumper:shapelessore!(@dyeBrown,1)(35:0,1)->(35:12,1)
recipedumper:shapelessore!(@dyeBlue,1)(35:0,1)->(35:11,1)
recipedumper:shapelessore!(@dyePurple,1)(35:0,1)->(35:10,1)
recipedumper:shapelessore!(@dyeCyan,1)(35:0,1)->(35:9,1)
recipedumper:shapelessore!(@dyeLightGray,1)(35:0,1)->(35:8,1)
recipedumper:shapelessore!(@dyeGray,1)(35:0,1)->(35:7,1)
recipedumper:shapelessore!(@dyePink,1)(35:0,1)->(35:6,1)
recipedumper:shapelessore!(@dyeLime,1)(35:0,1)->(35:5,1)
recipedumper:shapelessore!(@dyeYellow,1)(35:0,1)->(35:4,1)
recipedumper:shapelessore!(@dyeLightBlue,1)(35:0,1)->(35:3,1)
recipedumper:shapelessore!(@dyeMagenta,1)(35:0,1)->(35:2,1)
recipedumper:shapelessore!(@dyeOrange,1)(35:0,1)->(35:1,1)
recipedumper:shapelessore!(@dyeWhite,1)(35:0,1)->(35:0,1)
recipedumper:shapelessore!(@dyeRed,1)(@dyeWhite,1)->(351:9,2)
recipedumper:shapelessore!(@dyeRed,1)(@dyeYellow,1)->(351:14,2)
recipedumper:shapelessore!(@dyeGreen,1)(@dyeWhite,1)->(351:10,2)
recipedumper:shapelessore!(@dyeBlack,1)(@dyeWhite,1)->(351:8,2)
recipedumper:shapelessore!(@dyeGray,1)(@dyeWhite,1)->(351:7,2)
recipedumper:shapelessore!(@dyeBlue,1)(@dyeWhite,1)->(351:12,2)
recipedumper:shapelessore!(@dyeBlue,1)(@dyeGreen,1)->(351:6,2)
recipedumper:shapelessore!(@dyeBlue,1)(@dyeRed,1)->(351:5,2)
recipedumper:shapelessore!(@dyePurple,1)(@dyePink,1)->(351:13,2)
recipedumper:shapelessore!(@ingotIron,1)(318:0,1)->(259:0,1)
recipedumper:furnace!(337:32767,1)->(336:0,1)
recipedumper:furnace!(73:32767,1)->(331:0,1)
recipedumper:furnace!(15:32767,1)->(265:0,1)
recipedumper:furnace!(349:1,1)->(350:1,1)
recipedumper:furnace!(21:32767,1)->(351:4,1)
recipedumper:furnace!(14:32767,1)->(266:0,1)
recipedumper:furnace!(392:32767,1)->(393:0,1)
recipedumper:furnace!(12:32767,1)->(20:0,1)
recipedumper:furnace!(81:32767,1)->(351:2,1)
recipedumper:furnace!(87:32767,1)->(405:0,1)
recipedumper:furnace!(4:32767,1)->(1:0,1)
recipedumper:furnace!(162:32767,1)->(263:1,1)
recipedumper:furnace!(16:32767,1)->(263:0,1)
recipedumper:furnace!(17:32767,1)->(263:1,1)
recipedumper:furnace!(153:32767,1)->(406:0,1)
recipedumper:furnace!(365:32767,1)->(366:0,1)
recipedumper:furnace!(56:32767,1)->(264:0,1)
recipedumper:furnace!(82:32767,1)->(172:0,1)
recipedumper:furnace!(349:0,1)->(350:0,1)
recipedumper:furnace!(319:32767,1)->(320:0,1)
recipedumper:furnace!(363:32767,1)->(364:0,1)
recipedumper:furnace!(129:32767,1)->(388:0,1)
